<?xml version="1.0" encoding="UTF-8"?>
<testsuite name="generalTest" tests="1" skipped="0" failures="0" errors="0" timestamp="2020-09-28T09:28:01" hostname="moringa-ThinkPad-X260" time="0.006">
  <properties/>
  <testcase name="newsInstanceWorks" classname="generalTest" time="0.006"/>
  <system-out><![CDATA[clearing database
connection closed
]]></system-out>
  <system-err><![CDATA[]]></system-err>
</testsuite>
